25.0
49.0
piece_time: 6.510399
piece_time: 7.643014
piece_time: 7.786156
piece_time: 7.748953
0 : (0.31867455197637706, 0.3246601736523004)
1 : (0.3022145345844335, 0.3246601736523004)
2 : (0.31867455197637706, 0.3208209641152571)
3 : (0.3100868364730211, 0.33161329560560815)
4 : (0.3100868364730211, 0.3246601736523004)
5 : (0.31935118256954, 0.33389283119662216)
6 : (0.32423817123841564, 0.32156615482569384)
7 : (0.3100868364730211, 0.3177190739814154)
8 : (0.3155005260368925, 0.32156615482569384)
9 : (0.31900505385997857, 0.32585983785634004)
10 : (0.31935118256954, 0.3221251797760384)
11 : (0.30676437892070463, 0.3252051136726607)
12 : (0.3100868364730211, 0.3252051136726607)
13 : (0.307820938144205, 0.3221251797760384)
14 : (0.31900505385997857, 0.35236185211290905)
15 : (0.31112311358915706, 0.33334955624627305)
16 : (0.31008830885263394, 0.32334814790545746)
17 : (0.20913363894007847, 0.2122538543127206)
18 : (0.17131073620986959, 0.1741098299982895)
19 : (0.29060078356528574, 0.29554462586630803)
20 : (0.15105890224117452, 0.16406017065671682)
21 : (0.16480629086875473, 0.17083877625575988)
22 : (0.19506857866021762, 0.21096905755353126)
23 : (0.24206666537616306, 0.23774977848577677)
24 : (0.307093752533865, 0.32156615482569384)
25 : (0.3158392796711325, 0.3264067915053768)
26 : (0.3248356622327194, 0.3252051136726607)
27 : (0.3108007777081766, 0.3309668188243224)
28 : (0.3158392796711325, 0.3221251797760384)
29 : (0.31040843191545214, 0.31598701397126744)
30 : (0.3100868364730211, 0.3309668188243224)
31 : (0.31040843191545214, 0.3221251797760384)
32 : (0.31040843191545214, 0.32334814790545746)
33 : (0.3248356622327194, 0.3309668188243224)
34 : (0.32784475788573947, 0.3309668188243224)
35 : (0.31900505385997857, 0.3309668188243224)
36 : (0.29834822539659756, 0.3276666469049973)
37 : (0.31559613920385726, 0.33334955624627305)
38 : (0.29857742434366585, 0.3132895471073987)
39 : (0.21014148873600538, 0.20451558517507648)
40 : (0.18432532352833547, 0.18611801995670998)
41 : (0.25895019499125843, 0.2642196511753821)
42 : (0.17203248670436305, 0.1917748785300741)
43 : (0.1797561328803402, 0.1917748785300741)
44 : (0.23223696982238698, 0.22796231783880605)
45 : (0.2929651432992852, 0.29957279331645204)
46 : (0.30181328387756434, 0.32258473879832533)
47 : (0.29318252490024155, 0.32258473879832533)
48 : (0.31040843191545214, 0.32258473879832533)
49 : (0.23253887956813182, 0.24906222898961877)
[ INFO:0] global /root/opencv/modules/videoio/src/videoio_registry.cpp (185) VideoBackendRegistry VIDEOIO: Enabled backends(5, sorted by priority): FFMPEG(1000); GSTREAMER(990); V4L2(980); CV_IMAGES(970); CV_MJPEG(960)
